android/build/outputs/logs/manifest-merger-debug-report.txt
-- Merging decision tree log ---
manifest
ADDED from DamlaOyun\android\AndroidManifest.xml:2:1-26:12
INJECTED from DamlaOyun\android\AndroidManifest.xml:2:1-26:12
INJECTED from DamlaOyun\android\AndroidManifest.xml:2:1-26:12
INJECTED from DamlaOyun\android\AndroidManifest.xml:2:1-26:12
MERGED from [com.android.billingclient:billing:1.0] AndroidManifest.xml:2:1-18:12
MERGED from [com.android.support:support-v4:24.1.1] AndroidManifest.xml:17:1-27:12
MERGED from [com.android.support.constraint:constraint-layout:1.1.3] AndroidManifest.xml:2:1-11:12
INJECTED from DamlaOyun\android\AndroidManifest.xml:2:1-26:12
INJECTED from DamlaOyun\android\AndroidManifest.xml:2:1-26:12
INJECTED from DamlaOyun\android\AndroidManifest.xml:2:1-26:12
	package
		ADDED from DamlaOyun\android\AndroidManifest.xml:3:5-29
		INJECTED from DamlaOyun\android\AndroidManifest.xml
		INJECTED from DamlaOyun\android\AndroidManifest.xml
	android:versionName
		INJECTED from DamlaOyun\android\AndroidManifest.xml
		ADDED from DamlaOyun\android\AndroidManifest.xml:2:1-26:12
		INJECTED from DamlaOyun\android\AndroidManifest.xml
	android:versionCode
		INJECTED from DamlaOyun\android\AndroidManifest.xml
		ADDED from DamlaOyun\android\AndroidManifest.xml:2:1-26:12
		INJECTED from DamlaOyun\android\AndroidManifest.xml
	xmlns:android
		ADDED from DamlaOyun\android\AndroidManifest.xml:2:11-69
uses-permission#android.permission.INTERNET
ADDED from DamlaOyun\android\AndroidManifest.xml:4:5-67
	android:name
		ADDED from DamlaOyun\android\AndroidManifest.xml:4:22-64
uses-permission#com.android.vending.BILLING
ADDED from DamlaOyun\android\AndroidManifest.xml:6:5-67
MERGED from [com.android.billingclient:billing:1.0] AndroidManifest.xml:9:5-67
MERGED from [com.android.billingclient:billing:1.0] AndroidManifest.xml:9:5-67
	android:name
		ADDED from DamlaOyun\android\AndroidManifest.xml:6:22-64
application
ADDED from DamlaOyun\android\AndroidManifest.xml:7:5-24:19
MERGED from [com.android.billingclient:billing:1.0] AndroidManifest.xml:11:5-16:19
MERGED from [com.android.billingclient:billing:1.0] AndroidManifest.xml:11:5-16:19
MERGED from [com.android.support:support-v4:24.1.1] AndroidManifest.xml:25:5-20
MERGED from [com.android.support:support-v4:24.1.1] AndroidManifest.xml:25:5-20
MERGED from [com.android.support.constraint:constraint-layout:1.1.3] AndroidManifest.xml:9:5-20
MERGED from [com.android.support.constraint:constraint-layout:1.1.3] AndroidManifest.xml:9:5-20
	android:label
		ADDED from DamlaOyun\android\AndroidManifest.xml:12:9-41
	android:appCategory
		ADDED from DamlaOyun\android\AndroidManifest.xml:11:9-35
	android:icon
		ADDED from DamlaOyun\android\AndroidManifest.xml:9:9-45
	android:allowBackup
		ADDED from DamlaOyun\android\AndroidManifest.xml:8:9-35
	android:theme
		ADDED from DamlaOyun\android\AndroidManifest.xml:13:9-40
	android:isGame
		ADDED from DamlaOyun\android\AndroidManifest.xml:10:9-30
activity#com.mygdx.game.AndroidLauncher
ADDED from DamlaOyun\android\AndroidManifest.xml:14:9-23:20
	android:screenOrientation
		ADDED from DamlaOyun\android\AndroidManifest.xml:17:13-50
	android:label
		ADDED from DamlaOyun\android\AndroidManifest.xml:16:13-45
	android:configChanges
		ADDED from DamlaOyun\android\AndroidManifest.xml:18:13-107
	android:name
		ADDED from DamlaOyun\android\AndroidManifest.xml:15:13-58
intent-filter#action:name:android.intent.action.MAIN+category:name:android.intent.category.LAUNCHER
ADDED from DamlaOyun\android\AndroidManifest.xml:19:13-22:29
action#android.intent.action.MAIN
ADDED from DamlaOyun\android\AndroidManifest.xml:20:17-69
	android:name
		ADDED from DamlaOyun\android\AndroidManifest.xml:20:25-66
category#android.intent.category.LAUNCHER
ADDED from DamlaOyun\android\AndroidManifest.xml:21:17-77
	android:name
		ADDED from DamlaOyun\android\AndroidManifest.xml:21:27-74
uses-sdk
INJECTED from DamlaOyun\android\AndroidManifest.xml reason: use-sdk injection requested
INJECTED from DamlaOyun\android\AndroidManifest.xml
INJECTED from DamlaOyun\android\AndroidManifest.xml
MERGED from [com.android.billingclient:billing:1.0] AndroidManifest.xml:5:5-7:41
MERGED from [com.android.billingclient:billing:1.0] AndroidManifest.xml:5:5-7:41
MERGED from [com.android.support:support-v4:24.1.1] AndroidManifest.xml:21:5-23:54
MERGED from [com.android.support:support-v4:24.1.1] AndroidManifest.xml:21:5-23:54
MERGED from [com.android.support.constraint:constraint-layout:1.1.3] AndroidManifest.xml:5:5-7:41
MERGED from [com.android.support.constraint:constraint-layout:1.1.3] AndroidManifest.xml:5:5-7:41
INJECTED from DamlaOyun\android\AndroidManifest.xml
INJECTED from DamlaOyun\android\AndroidManifest.xml
	tools:overrideLibrary
		ADDED from [com.android.support:support-v4:24.1.1] AndroidManifest.xml:23:9-51
	android:targetSdkVersion
		INJECTED from DamlaOyun\android\AndroidManifest.xml
		ADDED from DamlaOyun\android\AndroidManifest.xml
		INJECTED from DamlaOyun\android\AndroidManifest.xml
	android:minSdkVersion
		INJECTED from DamlaOyun\android\AndroidManifest.xml
		ADDED from DamlaOyun\android\AndroidManifest.xml
		INJECTED from DamlaOyun\android\AndroidManifest.xml
activity#com.android.billingclient.api.ProxyBillingActivity
ADDED from [com.android.billingclient:billing:1.0] AndroidManifest.xml:12:9-15:75
	android:configChanges
		ADDED from [com.android.billingclient:billing:1.0] AndroidManifest.xml:14:13-96
	android:theme
		ADDED from [com.android.billingclient:billing:1.0] AndroidManifest.xml:15:13-72
	android:name
		ADDED from [com.android.billingclient:billing:1.0] AndroidManifest.xml:13:13-78